<?xml version="1.0" encoding="UTF-8"?>
<!-- Generated by org.testng.reporters.JUnitXMLReporter -->
<testsuite hostname="DESKTOP-0PFMAE0" ignored="0" name="Automation_Framework" tests="3" failures="0" timestamp="2021-05-30T14:49:43 PDT" time="200.924" errors="0">
  <testcase name="verifySearchItem" time="27.321" classname="com.qa.test.HomePageTest"/>
  <testcase name="verifySearchItem" time="44.145" classname="com.qa.test.HomePageTest"/>
  <testcase name="verifySearchItem" time="43.905" classname="com.qa.test.HomePageTest"/>
</testsuite> <!-- Automation_Framework -->
